03:14:21.953 [main] INFO  testCases.TC_001_AccountRegistrationTest - validating expected message...
03:14:22.032 [main] INFO  testCases.TC_001_AccountRegistrationTest - test passed...
03:14:22.037 [main] DEBUG testCases.TC_001_AccountRegistrationTest - Application log ended...
03:14:22.037 [main] INFO  testCases.TC_001_AccountRegistrationTest - ***finished TC_001_AccountRegistrationTest ***
03:19:43.096 [main] INFO  testCases.TC_001_AccountRegistrationTest - ***starting TC_001_AccountRegistrationTest ***
03:19:43.096 [main] DEBUG testCases.TC_001_AccountRegistrationTest - Application log started...
03:19:43.274 [main] INFO  testCases.TC_001_AccountRegistrationTest - clicked on MyAccount link
03:19:44.064 [main] INFO  testCases.TC_001_AccountRegistrationTest - clicked on Registration link
03:19:44.065 [main] INFO  testCases.TC_001_AccountRegistrationTest - Entering customer details...
03:19:45.568 [main] INFO  testCases.TC_001_AccountRegistrationTest - clicked on continue...
03:19:45.621 [main] INFO  testCases.TC_001_AccountRegistrationTest - validating expected message...
03:19:45.621 [main] INFO  testCases.TC_001_AccountRegistrationTest - test passed...
03:19:45.626 [main] DEBUG testCases.TC_001_AccountRegistrationTest - Application log ended...
03:19:45.626 [main] INFO  testCases.TC_001_AccountRegistrationTest - ***finished TC_001_AccountRegistrationTest ***
03:19:53.131 [main] INFO  testCases.TC_002_LoginTest - ***starting TC_002_LoginTest ***
03:19:53.131 [main] DEBUG testCases.TC_002_LoginTest - capturing application debug logs...
03:19:53.245 [main] INFO  testCases.TC_002_LoginTest - clicked on myaccount link on the Home Page...
03:19:53.626 [main] INFO  testCases.TC_002_LoginTest - clicked on login link under myaccount...
03:19:53.634 [main] INFO  testCases.TC_002_LoginTest - Entering valid email and password...
03:19:54.502 [main] INFO  testCases.TC_002_LoginTest - Clicked on login button...
03:19:54.618 [main] INFO  testCases.TC_002_LoginTest - Login Test passed...
03:19:54.618 [main] INFO  testCases.TC_002_LoginTest - ***Finished TC_002_LoginTest ***
02:04:28.334 [main] DEBUG org.apache.poi.openxml4j.opc.PackageRelationshipCollection - Parsing relationship: /xl/_rels/workbook.xml.rels
02:04:28.366 [main] DEBUG org.apache.poi.openxml4j.opc.PackageRelationshipCollection - Parsing relationship: /xl/worksheets/_rels/sheet1.xml.rels
02:04:28.370 [main] DEBUG org.apache.poi.openxml4j.opc.PackageRelationshipCollection - Parsing relationship: /_rels/.rels
02:04:30.769 [main] DEBUG org.apache.poi.openxml4j.opc.PackageRelationshipCollection - Parsing relationship: /xl/_rels/workbook.xml.rels
02:04:30.772 [main] DEBUG org.apache.poi.openxml4j.opc.PackageRelationshipCollection - Parsing relationship: /xl/worksheets/_rels/sheet1.xml.rels
02:04:30.775 [main] DEBUG org.apache.poi.openxml4j.opc.PackageRelationshipCollection - Parsing relationship: /_rels/.rels
02:04:30.852 [main] DEBUG org.apache.poi.openxml4j.opc.PackageRelationshipCollection - Parsing relationship: /xl/_rels/workbook.xml.rels
02:04:30.858 [main] DEBUG org.apache.poi.openxml4j.opc.PackageRelationshipCollection - Parsing relationship: /xl/worksheets/_rels/sheet1.xml.rels
02:04:30.861 [main] DEBUG org.apache.poi.openxml4j.opc.PackageRelationshipCollection - Parsing relationship: /_rels/.rels
02:04:30.957 [main] DEBUG org.apache.poi.openxml4j.opc.PackageRelationshipCollection - Parsing relationship: /xl/_rels/workbook.xml.rels
02:04:30.959 [main] DEBUG org.apache.poi.openxml4j.opc.PackageRelationshipCollection - Parsing relationship: /xl/worksheets/_rels/sheet1.xml.rels
02:04:30.962 [main] DEBUG org.apache.poi.openxml4j.opc.PackageRelationshipCollection - Parsing relationship: /_rels/.rels
02:04:31.021 [main] DEBUG org.apache.poi.openxml4j.opc.PackageRelationshipCollection - Parsing relationship: /xl/_rels/workbook.xml.rels
02:04:31.023 [main] DEBUG org.apache.poi.openxml4j.opc.PackageRelationshipCollection - Parsing relationship: /xl/worksheets/_rels/sheet1.xml.rels
02:04:31.025 [main] DEBUG org.apache.poi.openxml4j.opc.PackageRelationshipCollection - Parsing relationship: /_rels/.rels
02:04:31.108 [main] DEBUG org.apache.poi.openxml4j.opc.PackageRelationshipCollection - Parsing relationship: /xl/_rels/workbook.xml.rels
02:04:31.113 [main] DEBUG org.apache.poi.openxml4j.opc.PackageRelationshipCollection - Parsing relationship: /xl/worksheets/_rels/sheet1.xml.rels
02:04:31.116 [main] DEBUG org.apache.poi.openxml4j.opc.PackageRelationshipCollection - Parsing relationship: /_rels/.rels
02:04:31.170 [main] DEBUG org.apache.poi.openxml4j.opc.PackageRelationshipCollection - Parsing relationship: /xl/_rels/workbook.xml.rels
02:04:31.172 [main] DEBUG org.apache.poi.openxml4j.opc.PackageRelationshipCollection - Parsing relationship: /xl/worksheets/_rels/sheet1.xml.rels
02:04:31.174 [main] DEBUG org.apache.poi.openxml4j.opc.PackageRelationshipCollection - Parsing relationship: /_rels/.rels
02:04:31.218 [main] DEBUG org.apache.poi.openxml4j.opc.PackageRelationshipCollection - Parsing relationship: /xl/_rels/workbook.xml.rels
