15:00:56.374 [TestNG-tests-1] INFO  testCases.TC_001_AccountRegistrationTest - ***finished TC_001_AccountRegistrationTest ***
15:48:27.896 [main] INFO  testCases.TC_001_AccountRegistrationTest - ***starting TC_001_AccountRegistrationTest ***
15:48:27.997 [main] DEBUG testCases.TC_001_AccountRegistrationTest - Application log started...
15:48:28.979 [main] ERROR testCases.TC_001_AccountRegistrationTest - test failed...
15:50:51.188 [main] INFO  testCases.TC_001_AccountRegistrationTest - ***starting TC_001_AccountRegistrationTest ***
15:50:51.192 [main] DEBUG testCases.TC_001_AccountRegistrationTest - Application log started...
15:50:52.436 [main] INFO  testCases.TC_001_AccountRegistrationTest - clicked on MyAccount link
15:50:54.202 [main] INFO  testCases.TC_001_AccountRegistrationTest - clicked on Registration link
15:50:54.202 [main] INFO  testCases.TC_001_AccountRegistrationTest - Entering customer details...
15:50:56.455 [main] INFO  testCases.TC_001_AccountRegistrationTest - clicked on continue...
15:50:56.539 [main] INFO  testCases.TC_001_AccountRegistrationTest - validating expected message...
15:50:56.539 [main] INFO  testCases.TC_001_AccountRegistrationTest - test passed...
15:50:56.539 [main] DEBUG testCases.TC_001_AccountRegistrationTest - Application log ended...
15:50:56.539 [main] INFO  testCases.TC_001_AccountRegistrationTest - ***finished TC_001_AccountRegistrationTest ***
15:51:31.897 [main] INFO  testCases.TC_001_AccountRegistrationTest - ***starting TC_001_AccountRegistrationTest ***
15:51:31.904 [main] DEBUG testCases.TC_001_AccountRegistrationTest - Application log started...
15:51:32.080 [main] INFO  testCases.TC_001_AccountRegistrationTest - clicked on MyAccount link
15:51:34.355 [main] INFO  testCases.TC_001_AccountRegistrationTest - clicked on Registration link
15:51:34.355 [main] INFO  testCases.TC_001_AccountRegistrationTest - Entering customer details...
15:51:36.228 [main] INFO  testCases.TC_001_AccountRegistrationTest - clicked on continue...
15:51:36.281 [main] INFO  testCases.TC_001_AccountRegistrationTest - validating expected message...
15:51:36.282 [main] INFO  testCases.TC_001_AccountRegistrationTest - test passed...
15:51:36.285 [main] DEBUG testCases.TC_001_AccountRegistrationTest - Application log ended...
15:51:36.285 [main] INFO  testCases.TC_001_AccountRegistrationTest - ***finished TC_001_AccountRegistrationTest ***
00:43:25.678 [main] INFO  testCases.TC_001_AccountRegistrationTest - ***starting TC_001_AccountRegistrationTest ***
00:43:25.746 [main] DEBUG testCases.TC_001_AccountRegistrationTest - Application log started...
00:43:28.045 [main] INFO  testCases.TC_001_AccountRegistrationTest - clicked on MyAccount link
00:43:28.993 [main] INFO  testCases.TC_001_AccountRegistrationTest - clicked on Registration link
00:43:28.993 [main] INFO  testCases.TC_001_AccountRegistrationTest - Entering customer details...
00:43:32.010 [main] INFO  testCases.TC_001_AccountRegistrationTest - clicked on continue...
00:43:32.225 [main] INFO  testCases.TC_001_AccountRegistrationTest - validating expected message...
00:43:32.225 [main] INFO  testCases.TC_001_AccountRegistrationTest - test passed...
00:43:32.233 [main] DEBUG testCases.TC_001_AccountRegistrationTest - Application log ended...
00:43:32.233 [main] INFO  testCases.TC_001_AccountRegistrationTest - ***finished TC_001_AccountRegistrationTest ***
03:10:43.325 [main] INFO  testCases.TC_001_AccountRegistrationTest - ***starting TC_001_AccountRegistrationTest ***
03:10:43.477 [main] DEBUG testCases.TC_001_AccountRegistrationTest - Application log started...
03:10:45.649 [main] INFO  testCases.TC_001_AccountRegistrationTest - clicked on MyAccount link
03:10:46.370 [main] INFO  testCases.TC_001_AccountRegistrationTest - clicked on Registration link
03:10:46.370 [main] INFO  testCases.TC_001_AccountRegistrationTest - Entering customer details...
03:10:48.659 [main] INFO  testCases.TC_001_AccountRegistrationTest - clicked on continue...
03:10:48.961 [main] INFO  testCases.TC_001_AccountRegistrationTest - validating expected message...
03:10:48.961 [main] INFO  testCases.TC_001_AccountRegistrationTest - test passed...
03:10:48.977 [main] DEBUG testCases.TC_001_AccountRegistrationTest - Application log ended...
03:10:48.977 [main] INFO  testCases.TC_001_AccountRegistrationTest - ***finished TC_001_AccountRegistrationTest ***
03:14:18.760 [main] INFO  testCases.TC_001_AccountRegistrationTest - ***starting TC_001_AccountRegistrationTest ***
03:14:18.776 [main] DEBUG testCases.TC_001_AccountRegistrationTest - Application log started...
03:14:19.714 [main] INFO  testCases.TC_001_AccountRegistrationTest - clicked on MyAccount link
03:14:20.211 [main] INFO  testCases.TC_001_AccountRegistrationTest - clicked on Registration link
03:14:20.211 [main] INFO  testCases.TC_001_AccountRegistrationTest - Entering customer details...
03:14:21.881 [main] INFO  testCases.TC_001_AccountRegistrationTest - clicked on continue...
