14:10:20.693 [main] INFO  testCases.TC_001_AccountRegistrationTest - clicked on Registration link
14:10:20.827 [main] INFO  testCases.TC_001_AccountRegistrationTest - Entering customer details...
14:10:23.725 [main] INFO  testCases.TC_001_AccountRegistrationTest - clicked on continue...
14:10:23.815 [main] INFO  testCases.TC_001_AccountRegistrationTest - validating expected message...
14:10:23.815 [main] INFO  testCases.TC_001_AccountRegistrationTest - test passed...
14:10:23.819 [main] DEBUG testCases.TC_001_AccountRegistrationTest - Application log ended...
14:10:23.819 [main] INFO  testCases.TC_001_AccountRegistrationTest - ***finished TC_001_AccountRegistrationTest ***
14:11:14.030 [main] INFO  testCases.TC_001_AccountRegistrationTest - ***starting TC_001_AccountRegistrationTest ***
14:11:14.158 [main] DEBUG testCases.TC_001_AccountRegistrationTest - Application log started...
14:11:14.201 [main] ERROR testCases.TC_001_AccountRegistrationTest - test failed...
14:20:59.662 [main] INFO  testCases.TC_001_AccountRegistrationTest - ***starting TC_001_AccountRegistrationTest ***
14:20:59.703 [main] DEBUG testCases.TC_001_AccountRegistrationTest - Application log started...
14:21:01.505 [main] INFO  testCases.TC_001_AccountRegistrationTest - clicked on MyAccount link
14:21:02.147 [main] INFO  testCases.TC_001_AccountRegistrationTest - clicked on Registration link
14:21:02.147 [main] INFO  testCases.TC_001_AccountRegistrationTest - Entering customer details...
14:21:05.855 [main] INFO  testCases.TC_001_AccountRegistrationTest - clicked on continue...
14:21:06.713 [main] INFO  testCases.TC_001_AccountRegistrationTest - validating expected message...
14:21:06.713 [main] INFO  testCases.TC_001_AccountRegistrationTest - test passed...
14:21:07.000 [main] DEBUG testCases.TC_001_AccountRegistrationTest - Application log ended...
14:21:07.000 [main] INFO  testCases.TC_001_AccountRegistrationTest - ***finished TC_001_AccountRegistrationTest ***
14:21:40.124 [main] INFO  testCases.TC_001_AccountRegistrationTest - ***starting TC_001_AccountRegistrationTest ***
14:21:40.124 [main] DEBUG testCases.TC_001_AccountRegistrationTest - Application log started...
14:21:41.165 [main] INFO  testCases.TC_001_AccountRegistrationTest - clicked on MyAccount link
14:21:42.892 [main] INFO  testCases.TC_001_AccountRegistrationTest - clicked on Registration link
14:21:42.892 [main] INFO  testCases.TC_001_AccountRegistrationTest - Entering customer details...
14:21:45.579 [main] INFO  testCases.TC_001_AccountRegistrationTest - clicked on continue...
14:21:45.658 [main] INFO  testCases.TC_001_AccountRegistrationTest - validating expected message...
14:21:45.658 [main] INFO  testCases.TC_001_AccountRegistrationTest - test passed...
14:21:45.658 [main] DEBUG testCases.TC_001_AccountRegistrationTest - Application log ended...
14:21:45.659 [main] INFO  testCases.TC_001_AccountRegistrationTest - ***finished TC_001_AccountRegistrationTest ***
15:00:21.207 [TestNG-tests-1] INFO  testCases.TC_001_AccountRegistrationTest - ***starting TC_001_AccountRegistrationTest ***
15:00:21.395 [TestNG-tests-1] DEBUG testCases.TC_001_AccountRegistrationTest - Application log started...
15:00:28.158 [TestNG-tests-2] INFO  testCases.TC_001_AccountRegistrationTest - ***starting TC_001_AccountRegistrationTest ***
15:00:28.174 [TestNG-tests-2] DEBUG testCases.TC_001_AccountRegistrationTest - Application log started...
15:00:34.136 [TestNG-tests-1] INFO  testCases.TC_001_AccountRegistrationTest - clicked on MyAccount link
15:00:41.796 [TestNG-tests-2] INFO  testCases.TC_001_AccountRegistrationTest - clicked on MyAccount link
15:00:42.678 [TestNG-tests-1] INFO  testCases.TC_001_AccountRegistrationTest - clicked on Registration link
15:00:42.678 [TestNG-tests-1] INFO  testCases.TC_001_AccountRegistrationTest - Entering customer details...
15:00:42.802 [TestNG-tests-2] INFO  testCases.TC_001_AccountRegistrationTest - clicked on Registration link
15:00:42.803 [TestNG-tests-2] INFO  testCases.TC_001_AccountRegistrationTest - Entering customer details...
15:00:46.679 [TestNG-tests-2] INFO  testCases.TC_001_AccountRegistrationTest - clicked on continue...
15:00:47.416 [TestNG-tests-2] INFO  testCases.TC_001_AccountRegistrationTest - validating expected message...
15:00:47.416 [TestNG-tests-2] INFO  testCases.TC_001_AccountRegistrationTest - test passed...
15:00:47.431 [TestNG-tests-2] DEBUG testCases.TC_001_AccountRegistrationTest - Application log ended...
15:00:47.431 [TestNG-tests-2] INFO  testCases.TC_001_AccountRegistrationTest - ***finished TC_001_AccountRegistrationTest ***
15:00:55.940 [TestNG-tests-1] INFO  testCases.TC_001_AccountRegistrationTest - clicked on continue...
15:00:56.374 [TestNG-tests-1] INFO  testCases.TC_001_AccountRegistrationTest - validating expected message...
15:00:56.374 [TestNG-tests-1] INFO  testCases.TC_001_AccountRegistrationTest - test passed...
15:00:56.374 [TestNG-tests-1] DEBUG testCases.TC_001_AccountRegistrationTest - Application log ended...
