01:34:01.263 [main] DEBUG testCases.TC_001_AccountRegistrationTest - Application log started...
01:34:02.057 [main] INFO  testCases.TC_001_AccountRegistrationTest - clicked on MyAccount link
01:34:02.729 [main] INFO  testCases.TC_001_AccountRegistrationTest - clicked on Registration link
01:34:02.729 [main] INFO  testCases.TC_001_AccountRegistrationTest - Entering customer details...
01:34:05.515 [main] INFO  testCases.TC_001_AccountRegistrationTest - clicked on continue...
01:34:05.667 [main] INFO  testCases.TC_001_AccountRegistrationTest - validating expected message...
01:34:05.667 [main] ERROR testCases.TC_001_AccountRegistrationTest - test failed...
01:34:18.052 [main] INFO  testCases.TC_002_LoginTest - ***starting TC_002_LoginTest ***
01:34:18.065 [main] DEBUG testCases.TC_002_LoginTest - capturing application debug logs...
01:34:18.424 [main] INFO  testCases.TC_002_LoginTest - clicked on myaccount link on the Home Page...
01:34:19.065 [main] INFO  testCases.TC_002_LoginTest - clicked on login link under myaccount...
01:34:19.100 [main] INFO  testCases.TC_002_LoginTest - Entering valid email and password...
01:34:20.456 [main] INFO  testCases.TC_002_LoginTest - Clicked on login button...
01:34:20.680 [main] INFO  testCases.TC_002_LoginTest - Login Test passed...
01:34:20.680 [main] INFO  testCases.TC_002_LoginTest - ***Finished TC_002_LoginTest ***
01:49:38.371 [main] INFO  testCases.TC_001_AccountRegistrationTest - ***starting TC_001_AccountRegistrationTest ***
01:49:38.382 [main] DEBUG testCases.TC_001_AccountRegistrationTest - Application log started...
01:49:38.536 [main] INFO  testCases.TC_001_AccountRegistrationTest - clicked on MyAccount link
01:49:39.134 [main] INFO  testCases.TC_001_AccountRegistrationTest - clicked on Registration link
01:49:39.135 [main] INFO  testCases.TC_001_AccountRegistrationTest - Entering customer details...
01:49:40.708 [main] INFO  testCases.TC_001_AccountRegistrationTest - clicked on continue...
01:49:40.783 [main] INFO  testCases.TC_001_AccountRegistrationTest - validating expected message...
01:49:40.784 [main] ERROR testCases.TC_001_AccountRegistrationTest - test failed...
01:49:49.637 [main] INFO  testCases.TC_002_LoginTest - ***starting TC_002_LoginTest ***
01:49:49.638 [main] DEBUG testCases.TC_002_LoginTest - capturing application debug logs...
01:49:50.467 [main] INFO  testCases.TC_002_LoginTest - clicked on myaccount link on the Home Page...
01:49:51.069 [main] INFO  testCases.TC_002_LoginTest - clicked on login link under myaccount...
01:49:51.076 [main] INFO  testCases.TC_002_LoginTest - Entering valid email and password...
01:49:51.938 [main] INFO  testCases.TC_002_LoginTest - Clicked on login button...
01:50:02.194 [main] INFO  testCases.TC_002_LoginTest - Login Test failed...
01:54:31.540 [main] INFO  testCases.TC_002_LoginTest - ***starting TC_002_LoginTest ***
01:54:31.555 [main] DEBUG testCases.TC_002_LoginTest - capturing application debug logs...
01:54:32.357 [main] INFO  testCases.TC_002_LoginTest - clicked on myaccount link on the Home Page...
01:54:32.800 [main] INFO  testCases.TC_002_LoginTest - clicked on login link under myaccount...
01:54:32.849 [main] INFO  testCases.TC_002_LoginTest - Entering valid email and password...
01:54:33.747 [main] INFO  testCases.TC_002_LoginTest - Clicked on login button...
01:54:34.011 [main] INFO  testCases.TC_002_LoginTest - Login Test passed...
01:54:34.048 [main] INFO  testCases.TC_002_LoginTest - ***Finished TC_002_LoginTest ***
01:54:41.911 [main] INFO  testCases.TC_001_AccountRegistrationTest - ***starting TC_001_AccountRegistrationTest ***
01:54:41.911 [main] DEBUG testCases.TC_001_AccountRegistrationTest - Application log started...
01:54:42.573 [main] INFO  testCases.TC_001_AccountRegistrationTest - clicked on MyAccount link
01:54:45.096 [main] INFO  testCases.TC_001_AccountRegistrationTest - clicked on Registration link
01:54:45.097 [main] INFO  testCases.TC_001_AccountRegistrationTest - Entering customer details...
01:54:47.157 [main] INFO  testCases.TC_001_AccountRegistrationTest - clicked on continue...
01:54:47.279 [main] INFO  testCases.TC_001_AccountRegistrationTest - validating expected message...
01:54:47.280 [main] ERROR testCases.TC_001_AccountRegistrationTest - test failed...
02:03:17.070 [main] INFO  testCases.TC_001_AccountRegistrationTest - ***starting TC_001_AccountRegistrationTest ***
02:03:17.084 [main] DEBUG testCases.TC_001_AccountRegistrationTest - Application log started...
02:03:17.543 [main] INFO  testCases.TC_001_AccountRegistrationTest - clicked on MyAccount link
02:03:18.563 [main] INFO  testCases.TC_001_AccountRegistrationTest - clicked on Registration link
02:03:18.563 [main] INFO  testCases.TC_001_AccountRegistrationTest - Entering customer details...
02:03:20.499 [main] INFO  testCases.TC_001_AccountRegistrationTest - clicked on continue...
02:03:20.553 [main] INFO  testCases.TC_001_AccountRegistrationTest - validating expected message...
