00:27:04.640 [main] INFO  testCases.TC_001_AccountRegistrationTest - clicked on continue...
00:27:04.733 [main] INFO  testCases.TC_001_AccountRegistrationTest - validating expected message...
00:27:04.733 [main] INFO  testCases.TC_001_AccountRegistrationTest - test passed...
00:27:04.733 [main] DEBUG testCases.TC_001_AccountRegistrationTest - Application log ended...
00:27:04.733 [main] INFO  testCases.TC_001_AccountRegistrationTest - ***finished TC_001_AccountRegistrationTest ***
00:27:15.496 [main] INFO  testCases.TC_002_LoginTest - ***starting TC_002_LoginTest ***
00:27:15.497 [main] DEBUG testCases.TC_002_LoginTest - capturing application debug logs...
00:27:15.734 [main] INFO  testCases.TC_002_LoginTest - clicked on myaccount link on the Home Page...
00:27:16.131 [main] INFO  testCases.TC_002_LoginTest - clicked on login link under myaccount...
00:27:16.135 [main] INFO  testCases.TC_002_LoginTest - Entering valid email and password...
00:27:16.912 [main] INFO  testCases.TC_002_LoginTest - Clicked on login button...
00:27:16.973 [main] INFO  testCases.TC_002_LoginTest - Login Test passed...
00:27:16.973 [main] INFO  testCases.TC_002_LoginTest - ***Finished TC_002_LoginTest ***
00:06:47.061 [main] INFO  testCases.TC_004_SearchProductTest -  Starting TC_004_SearchProductTest 
00:06:49.385 [main] INFO  testCases.TC_004_SearchProductTest -  Finished TC_004_SearchProductTest 
00:08:01.850 [main] INFO  testCases.TC_004_SearchProductTest -  Starting TC_004_SearchProductTest 
00:08:03.561 [main] INFO  testCases.TC_004_SearchProductTest -  Finished TC_004_SearchProductTest 
01:08:42.413 [main] INFO  testCases.TC_001_AccountRegistrationTest - ***starting TC_001_AccountRegistrationTest ***
01:08:42.460 [main] DEBUG testCases.TC_001_AccountRegistrationTest - Application log started...
01:08:43.232 [main] INFO  testCases.TC_001_AccountRegistrationTest - clicked on MyAccount link
01:08:45.493 [main] INFO  testCases.TC_001_AccountRegistrationTest - clicked on Registration link
01:08:45.493 [main] INFO  testCases.TC_001_AccountRegistrationTest - Entering customer details...
01:08:47.983 [main] INFO  testCases.TC_001_AccountRegistrationTest - clicked on continue...
01:08:48.080 [main] INFO  testCases.TC_001_AccountRegistrationTest - validating expected message...
01:08:48.080 [main] INFO  testCases.TC_001_AccountRegistrationTest - test passed...
01:08:48.080 [main] DEBUG testCases.TC_001_AccountRegistrationTest - Application log ended...
01:08:48.080 [main] INFO  testCases.TC_001_AccountRegistrationTest - ***finished TC_001_AccountRegistrationTest ***
01:08:58.916 [main] INFO  testCases.TC_002_LoginTest - ***starting TC_002_LoginTest ***
01:08:58.916 [main] DEBUG testCases.TC_002_LoginTest - capturing application debug logs...
01:09:00.027 [main] INFO  testCases.TC_002_LoginTest - clicked on myaccount link on the Home Page...
01:09:00.569 [main] INFO  testCases.TC_002_LoginTest - clicked on login link under myaccount...
01:09:00.607 [main] INFO  testCases.TC_002_LoginTest - Entering valid email and password...
01:09:01.542 [main] INFO  testCases.TC_002_LoginTest - Clicked on login button...
01:09:01.667 [main] INFO  testCases.TC_002_LoginTest - Login Test passed...
01:09:01.667 [main] INFO  testCases.TC_002_LoginTest - ***Finished TC_002_LoginTest ***
