00:10:48.260 [main] INFO  testCases.TC_001_AccountRegistrationTest - validating expected message...
00:10:48.292 [main] INFO  testCases.TC_001_AccountRegistrationTest - test passed...
00:10:48.292 [main] DEBUG testCases.TC_001_AccountRegistrationTest - Application log ended...
00:10:48.292 [main] INFO  testCases.TC_001_AccountRegistrationTest - ***finished TC_001_AccountRegistrationTest ***
00:11:02.147 [main] INFO  testCases.TC_002_LoginTest - ***starting TC_002_LoginTest ***
00:11:02.147 [main] DEBUG testCases.TC_002_LoginTest - capturing application debug logs...
00:11:02.940 [main] INFO  testCases.TC_002_LoginTest - clicked on myaccount link on the Home Page...
00:11:03.280 [main] INFO  testCases.TC_002_LoginTest - clicked on login link under myaccount...
00:11:03.314 [main] INFO  testCases.TC_002_LoginTest - Entering valid email and password...
00:11:04.072 [main] INFO  testCases.TC_002_LoginTest - Clicked on login button...
00:11:04.288 [main] INFO  testCases.TC_002_LoginTest - Login Test passed...
00:11:04.288 [main] INFO  testCases.TC_002_LoginTest - ***Finished TC_002_LoginTest ***
00:23:56.222 [main] INFO  testCases.TC_001_AccountRegistrationTest - ***starting TC_001_AccountRegistrationTest ***
00:23:56.238 [main] DEBUG testCases.TC_001_AccountRegistrationTest - Application log started...
00:23:56.513 [main] INFO  testCases.TC_001_AccountRegistrationTest - clicked on MyAccount link
00:23:57.057 [main] INFO  testCases.TC_001_AccountRegistrationTest - clicked on Registration link
00:23:57.057 [main] INFO  testCases.TC_001_AccountRegistrationTest - Entering customer details...
00:23:59.363 [main] INFO  testCases.TC_001_AccountRegistrationTest - clicked on continue...
00:23:59.576 [main] INFO  testCases.TC_001_AccountRegistrationTest - validating expected message...
00:23:59.576 [main] INFO  testCases.TC_001_AccountRegistrationTest - test passed...
00:23:59.584 [main] DEBUG testCases.TC_001_AccountRegistrationTest - Application log ended...
00:23:59.584 [main] INFO  testCases.TC_001_AccountRegistrationTest - ***finished TC_001_AccountRegistrationTest ***
00:24:11.959 [main] INFO  testCases.TC_002_LoginTest - ***starting TC_002_LoginTest ***
00:24:11.959 [main] DEBUG testCases.TC_002_LoginTest - capturing application debug logs...
00:24:12.269 [main] INFO  testCases.TC_002_LoginTest - clicked on myaccount link on the Home Page...
00:24:12.579 [main] INFO  testCases.TC_002_LoginTest - clicked on login link under myaccount...
00:24:12.579 [main] INFO  testCases.TC_002_LoginTest - Entering valid email and password...
00:24:13.483 [main] INFO  testCases.TC_002_LoginTest - Clicked on login button...
00:24:13.641 [main] INFO  testCases.TC_002_LoginTest - Login Test passed...
00:24:13.641 [main] INFO  testCases.TC_002_LoginTest - ***Finished TC_002_LoginTest ***
00:26:10.015 [main] INFO  testCases.TC_001_AccountRegistrationTest - ***starting TC_001_AccountRegistrationTest ***
00:26:10.049 [main] DEBUG testCases.TC_001_AccountRegistrationTest - Application log started...
00:26:10.200 [main] INFO  testCases.TC_001_AccountRegistrationTest - clicked on MyAccount link
00:26:10.765 [main] INFO  testCases.TC_001_AccountRegistrationTest - clicked on Registration link
00:26:10.765 [main] INFO  testCases.TC_001_AccountRegistrationTest - Entering customer details...
00:26:12.358 [main] INFO  testCases.TC_001_AccountRegistrationTest - clicked on continue...
00:26:12.438 [main] INFO  testCases.TC_001_AccountRegistrationTest - validating expected message...
00:26:12.438 [main] INFO  testCases.TC_001_AccountRegistrationTest - test passed...
00:26:12.444 [main] DEBUG testCases.TC_001_AccountRegistrationTest - Application log ended...
00:26:12.444 [main] INFO  testCases.TC_001_AccountRegistrationTest - ***finished TC_001_AccountRegistrationTest ***
00:26:21.019 [main] INFO  testCases.TC_002_LoginTest - ***starting TC_002_LoginTest ***
00:26:21.019 [main] DEBUG testCases.TC_002_LoginTest - capturing application debug logs...
00:26:21.560 [main] INFO  testCases.TC_002_LoginTest - clicked on myaccount link on the Home Page...
00:26:22.048 [main] INFO  testCases.TC_002_LoginTest - clicked on login link under myaccount...
00:26:22.056 [main] INFO  testCases.TC_002_LoginTest - Entering valid email and password...
00:26:23.066 [main] INFO  testCases.TC_002_LoginTest - Clicked on login button...
00:26:23.133 [main] INFO  testCases.TC_002_LoginTest - Login Test passed...
00:26:23.147 [main] INFO  testCases.TC_002_LoginTest - ***Finished TC_002_LoginTest ***
00:27:02.228 [main] INFO  testCases.TC_001_AccountRegistrationTest - ***starting TC_001_AccountRegistrationTest ***
00:27:02.244 [main] DEBUG testCases.TC_001_AccountRegistrationTest - Application log started...
00:27:02.467 [main] INFO  testCases.TC_001_AccountRegistrationTest - clicked on MyAccount link
00:27:03.112 [main] INFO  testCases.TC_001_AccountRegistrationTest - clicked on Registration link
00:27:03.112 [main] INFO  testCases.TC_001_AccountRegistrationTest - Entering customer details...
